2026-06-25 21:35:48 - INFO - Программа запущена
2026-06-25 21:36:55 - INFO - Программа запущена
2026-06-25 21:40:55 - INFO - Программа запущена
2026-06-25 21:45:08 - INFO - Программа запущена
2026-06-25 21:54:06 - INFO - Программа завершена
2026-06-25 21:54:11 - INFO - Программа запущена
2026-06-25 21:54:17 - INFO - QR-код сгенерирован для текста: 'vjkfldsv...' (длина 8)
2026-06-25 21:54:57 - INFO - Сохранение отменено пользователем
2026-06-25 21:55:06 - INFO - QR-код сохранён в файл: C:/Users/gsama/Downloads/qr_20260625_215459.png
2026-06-25 22:59:28 - INFO - Программа завершена
2026-06-25 22:59:32 - INFO - Программа запущена
2026-06-25 23:00:10 - INFO - Выбран цвет Выберите цвет кода: #800000
2026-06-25 23:00:32 - INFO - Выбран цвет Выберите цвет фона: #ffd5d5
2026-06-25 23:00:33 - INFO - QR-код сгенерирован: текст 'аролыфжаролыф аолужйраукрпакуй...' (длина 53), box_size=1, коррекция=M, цвет=#000000, фон=#FFFFFF
2026-06-25 23:04:00 - INFO - QR-код сохранён в файл: C:/Users/gsama/Downloads/qr_20260625вывы_230349.png
2026-06-25 23:04:10 - INFO - QR-код сгенерирован: текст 'аролыфжаролыф аолужйраукрпакуй...' (длина 53), box_size=1, коррекция=L, цвет=#000000, фон=#FFFFFF
2026-06-25 23:04:18 - INFO - QR-код сгенерирован: текст 'аролыфжаролыф аолужйраукрпакуй...' (длина 53), box_size=1, коррекция=H, цвет=#000000, фон=#FFFFFF
2026-06-25 23:04:36 - INFO - QR-код сгенерирован: текст 'амамывуымву...' (длина 11), box_size=1, коррекция=H, цвет=#000000, фон=#FFFFFF
2026-06-25 23:04:45 - INFO - QR-код сгенерирован: текст 'амамывуымву...' (длина 11), box_size=6, коррекция=H, цвет=#000000, фон=#FFFFFF
2026-06-25 23:04:55 - INFO - QR-код сгенерирован: текст 'амамывуымву...' (длина 11), box_size=20, коррекция=H, цвет=#000000, фон=#FFFFFF
2026-06-25 23:04:59 - INFO - QR-код сгенерирован: текст 'амамывуымву...' (длина 11), box_size=9, коррекция=H, цвет=#000000, фон=#FFFFFF
2026-06-25 23:05:03 - INFO - QR-код сгенерирован: текст 'амамывуымву...' (длина 11), box_size=4, коррекция=H, цвет=#000000, фон=#FFFFFF
2026-06-25 23:05:05 - INFO - QR-код сгенерирован: текст 'амамывуымву...' (длина 11), box_size=3, коррекция=H, цвет=#000000, фон=#FFFFFF
2026-06-25 23:30:51 - INFO - QR-код сгенерирован: текст 'амамывуымву...' (длина 11), box_size=1, коррекция=H, цвет=#000000, фон=#FFFFFF
2026-06-26 09:05:10 - INFO - Программа завершена
2026-06-26 09:17:23 - INFO - Программа запущена
2026-06-26 09:17:37 - INFO - Выбран цвет Выберите цвет кода: #800040
2026-06-26 09:17:46 - INFO - Выбран цвет Выберите цвет фона: #ffaad5
2026-06-26 09:17:48 - INFO - QR-код сгенерирован: версия=1, коррекция=M, цвет=#000000, фон=#FFFFFF, текст='авыф...' (длина 4)
2026-06-26 09:18:48 - INFO - QR-код сгенерирован: версия=40, коррекция=M, цвет=#000000, фон=#FFFFFF, текст='авыф...' (длина 4)
2026-06-26 09:18:57 - INFO - QR-код сгенерирован: версия=25, коррекция=M, цвет=#000000, фон=#FFFFFF, текст='авыф...' (длина 4)
2026-06-26 09:19:43 - INFO - QR-код сгенерирован: версия=40, коррекция=M, цвет=#000000, фон=#FFFFFF, текст='авыф...' (длина 4)
2026-06-26 09:20:05 - INFO - QR-код сгенерирован: версия=40, коррекция=M, цвет=#000000, фон=#FFFFFF, текст='авыфвапролдрлиоар пмп пшгп м ш...' (длина 128)
2026-06-26 09:53:49 - INFO - QR-код сгенерирован: версия=40, коррекция=H, цвет=#000000, фон=#FFFFFF, текст='авыфвапролдрлиоар пмп пшгп м ш...' (длина 128)
2026-06-26 09:53:55 - INFO - QR-код сгенерирован: версия=40, коррекция=L, цвет=#000000, фон=#FFFFFF, текст='авыфвапролдрлиоар пмп пшгп м ш...' (длина 128)
2026-06-26 09:54:03 - INFO - Сохранение отменено пользователем
2026-06-26 11:18:27 - INFO - Программа завершена
2026-06-26 11:18:31 - INFO - Программа запущена
2026-06-26 11:18:38 - INFO - Выбран цвет Выберите цвет кода: #800040
2026-06-26 11:25:05 - INFO - QR-код сгенерирован: версия=5, коррекция=M, цвет=#800040, фон=#FFFFFF, текст='чпро...' (длина 4)
2026-06-26 11:25:15 - INFO - Выбран цвет Выберите цвет кода: None
2026-06-26 11:25:20 - INFO - Выбран цвет Выберите цвет фона: #ffc6e2
2026-06-26 11:25:27 - ERROR - Не удалось сгенерировать QR-код:
unknown color specifier: 'none'
2026-06-26 11:30:08 - ERROR - Не удалось сгенерировать QR-код:
unknown color specifier: 'none'
2026-06-26 11:30:11 - INFO - Программа завершена
2026-06-26 11:48:50 - INFO - Программа запущена
2026-06-26 11:48:55 - INFO - Выбран цвет Выберите цвет фона: #ff80c0
2026-06-26 11:48:58 - INFO - Выбран цвет Выберите цвет кода: #800040
2026-06-26 11:49:12 - ERROR - DataOverflowError: версия 5, коррекция M, длина текста 55
2026-06-26 11:49:29 - ERROR - DataOverflowError: версия 3, коррекция M, длина текста 55
2026-06-26 11:49:37 - ERROR - DataOverflowError: версия 1, коррекция M, длина текста 55
2026-06-26 11:49:46 - ERROR - DataOverflowError: версия 1, коррекция M, длина текста 25
2026-06-26 11:49:50 - INFO - QR-код сгенерирован: версия=1, коррекция=M, цвет=#800040, фон=#ff80c0, текст='мигни...' (длина 5)
2026-06-26 11:50:04 - ERROR - DataOverflowError: версия 1, коррекция L, длина текста 53
2026-06-26 11:50:12 - ERROR - DataOverflowError: версия 1, коррекция L, длина текста 24
2026-06-26 11:50:19 - ERROR - DataOverflowError: версия 1, коррекция L, длина текста 18
2026-06-26 11:50:30 - ERROR - DataOverflowError: версия 1, коррекция L, длина текста 14
2026-06-26 11:50:40 - ERROR - DataOverflowError: версия 1, коррекция H, длина текста 14
2026-06-26 11:51:13 - INFO - QR-код сгенерирован: версия=1, коррекция=L, цвет=#800040, фон=#ff80c0, текст='123456 89123456...' (длина 15)
2026-06-26 11:51:19 - INFO - QR-код сгенерирован: версия=1, коррекция=L, цвет=#800040, фон=#ff80c0, текст='123456 89123456666...' (длина 18)
2026-06-26 11:51:25 - ERROR - DataOverflowError: версия 1, коррекция L, длина текста 35
2026-06-26 11:51:30 - ERROR - DataOverflowError: версия 1, коррекция L, длина текста 29
2026-06-26 11:51:35 - INFO - QR-код сгенерирован: версия=1, коррекция=L, цвет=#800040, фон=#ff80c0, текст='123456 891234566664532543...' (длина 25)
2026-06-26 11:51:36 - INFO - QR-код сгенерирован: версия=1, коррекция=L, цвет=#800040, фон=#ff80c0, текст='123456 891234566664532543...' (длина 25)
2026-06-26 12:04:55 - INFO - Выбран цвет Выберите цвет фона: #ffcee7
2026-06-26 12:04:56 - INFO - QR-код сгенерирован: версия=1, коррекция=L, цвет=#800040, фон=#ffcee7, текст='123456 891234566664532543...' (длина 25)
2026-06-26 12:04:58 - INFO - QR-код сгенерирован: версия=1, коррекция=L, цвет=#800040, фон=#ffcee7, текст='123456 891234566664532543...' (длина 25)
2026-06-26 12:05:02 - INFO - Выбран цвет Выберите цвет фона: #ffffff
2026-06-26 12:05:03 - INFO - QR-код сгенерирован: версия=1, коррекция=L, цвет=#800040, фон=#ffffff, текст='123456 891234566664532543...' (длина 25)
2026-06-26 12:05:07 - INFO - Выбран цвет Выберите цвет кода: None
2026-06-26 12:05:14 - ERROR - Не удалось сгенерировать QR-код:
unknown color specifier: 'none'
2026-06-26 12:19:28 - INFO - Программа завершена
2026-06-26 12:19:31 - INFO - Программа запущена
2026-06-26 12:19:49 - INFO - QR-код сгенерирован: текст '# --- Настройка логирования --...' (длина 565), box_size=10, коррекция=L, цвет=#000000, фон=#FFFFFF
2026-06-26 12:19:56 - INFO - Выбран цвет Выберите цвет кода: #000080
2026-06-26 12:20:00 - INFO - QR-код сгенерирован: текст '# --- Настройка логирования --...' (длина 565), box_size=10, коррекция=L, цвет=#000000, фон=#FFFFFF
2026-06-26 12:20:06 - INFO - Выбран цвет Выберите цвет кода: #000000
2026-06-26 12:20:07 - INFO - QR-код сгенерирован: текст '# --- Настройка логирования --...' (длина 565), box_size=10, коррекция=L, цвет=#000000, фон=#FFFFFF
2026-06-26 12:20:26 - INFO - QR-код сгенерирован: текст '# --- Настройка логирования --...' (длина 565), box_size=1, коррекция=L, цвет=#000000, фон=#FFFFFF
2026-06-26 12:20:32 - INFO - QR-код сгенерирован: текст '# --- Настройка логирования --...' (длина 565), box_size=12, коррекция=L, цвет=#000000, фон=#FFFFFF
2026-06-26 12:20:35 - INFO - QR-код сгенерирован: текст '# --- Настройка логирования --...' (длина 565), box_size=20, коррекция=L, цвет=#000000, фон=#FFFFFF
2026-06-26 12:49:28 - INFO - QR-код сгенерирован: текст 'https://habr.com/ru/articles/...' (длина 29), box_size=20, коррекция=L, цвет=#000000, фон=#FFFFFF
2026-06-26 14:00:39 - INFO - Программа завершена
2026-06-26 14:00:43 - INFO - Программа запущена
2026-06-26 14:01:02 - ERROR - Не удалось сгенерировать QR-код:
name 'display_img' is not defined
2026-06-26 14:01:03 - INFO - Программа завершена
2026-06-26 14:11:09 - INFO - Программа запущена
2026-06-26 14:11:15 - INFO - QR-код сгенерирован: текст 'fdafa...' (длина 5), box_size=10, коррекция=M, цвет=#000000, фон=#FFFFFF
2026-06-26 14:11:24 - INFO - Сохранение отменено пользователем
2026-06-26 14:57:04 - INFO - Выбран цвет Выберите цвет кода: #000000
2026-06-26 14:58:16 - INFO - Программа завершена
2026-06-26 14:58:18 - INFO - Программа запущена
2026-06-26 14:58:23 - INFO - Выбран цвет Выберите цвет кода: #000000
2026-06-26 14:58:25 - INFO - Программа завершена
2026-06-26 14:59:48 - INFO - Программа запущена
2026-06-26 14:59:52 - INFO - Выбран цвет Выберите цвет кода: #000000
2026-06-26 14:59:54 - INFO - QR-код сгенерирован: текст 'fgvfvsds...' (длина 8), box_size=10, коррекция=M, цвет=#000000, фон=#FFFFFF
2026-06-26 14:59:55 - INFO - QR-код сгенерирован: текст 'fgvfvsds...' (длина 8), box_size=10, коррекция=M, цвет=#000000, фон=#FFFFFF
2026-06-26 14:59:56 - INFO - QR-код сгенерирован: текст 'fgvfvsds...' (длина 8), box_size=10, коррекция=M, цвет=#000000, фон=#FFFFFF
2026-06-26 14:59:56 - INFO - QR-код сгенерирован: текст 'fgvfvsds...' (длина 8), box_size=10, коррекция=M, цвет=#000000, фон=#FFFFFF
2026-06-26 14:59:56 - INFO - QR-код сгенерирован: текст 'fgvfvsds...' (длина 8), box_size=10, коррекция=M, цвет=#000000, фон=#FFFFFF
2026-06-26 15:00:16 - INFO - QR-код сгенерирован: текст 'fgvfvsds...' (длина 8), box_size=4, коррекция=M, цвет=#000000, фон=#FFFFFF
2026-06-26 15:01:40 - INFO - Программа завершена
2026-06-26 15:01:42 - INFO - Программа запущена
2026-06-26 15:01:46 - INFO - Выбран цвет Выберите цвет кода: #000000
2026-06-26 15:01:51 - INFO - QR-код сгенерирован: текст 'cfreer...' (длина 6), box_size=10, коррекция=M, цвет=#000000, фон=#FFFFFF
2026-06-26 15:07:04 - INFO - Программа завершена
2026-06-26 15:07:07 - INFO - Программа запущена
2026-06-26 15:07:13 - INFO - QR-код сгенерирован: текст 'vdfsvfwre...' (длина 9), box_size=10, коррекция=M, цвет=#000000, фон=#FFFFFF
2026-06-26 15:07:19 - INFO - Сохранение отменено пользователем
2026-06-26 15:07:24 - INFO - Выбран цвет Выберите цвет кода: #000000
2026-06-26 15:07:31 - INFO - Выбран цвет Выберите цвет кода: #800040
2026-06-26 15:07:39 - INFO - Выбран цвет Выберите цвет кода: #000000
2026-06-26 15:07:48 - INFO - Выбран цвет Выберите цвет кода: #0000a0
2026-06-26 15:07:59 - INFO - Выбран цвет Выберите цвет кода: None
2026-06-26 15:08:06 - INFO - Выбран цвет Выберите цвет фона: #80ffff
2026-06-26 15:08:10 - INFO - QR-код сгенерирован: текст 'vdfsvfwre...' (длина 9), box_size=10, коррекция=M, цвет=#000000, фон=#FFFFFF
2026-06-26 15:08:11 - INFO - QR-код сгенерирован: текст 'vdfsvfwre...' (длина 9), box_size=10, коррекция=M, цвет=#000000, фон=#FFFFFF
2026-06-26 15:12:20 - INFO - Программа завершена
2026-06-26 15:12:22 - INFO - Программа запущена
2026-06-26 15:13:42 - INFO - Программа завершена
2026-06-26 15:13:55 - INFO - Программа запущена
2026-06-26 15:16:53 - INFO - Программа завершена
2026-06-26 15:16:55 - INFO - Программа запущена
2026-06-26 15:18:04 - INFO - Программа завершена
2026-06-26 15:18:06 - INFO - Программа запущена
2026-06-26 15:18:30 - INFO - Выбран цвет Выберите цвет кода: None
2026-06-26 15:42:35 - INFO - Программа завершена
2026-06-26 15:42:37 - INFO - Программа запущена
2026-06-26 15:43:03 - INFO - Программа завершена
2026-06-26 15:43:15 - INFO - Программа запущена
2026-06-26 15:48:28 - INFO - Программа завершена
2026-06-26 15:48:33 - INFO - Программа запущена
2026-06-26 15:48:43 - INFO - Выбран цвет Выберите цвет кода: None
2026-06-26 15:48:54 - INFO - Программа завершена
2026-06-26 15:50:42 - INFO - Программа запущена
2026-06-26 15:50:55 - INFO - Выбран цвет Выберите цвет фона: #a5fa85
2026-06-26 15:51:25 - INFO - Выбран цвет Выберите цвет кода: None
2026-06-26 15:51:36 - INFO - Выбран цвет Выберите цвет фона: #74031a
2026-06-26 15:51:43 - INFO - Выбран цвет Выберите цвет кода: #80ffff
2026-06-26 15:52:17 - INFO - QR-код сгенерирован: текст 'ddeafdwgc rewgrwcg r...' (длина 20), box_size=10, коррекция=M, цвет=#000000, фон=#FFFFFF
2026-06-26 15:52:20 - INFO - Программа завершена
2026-06-26 15:52:39 - INFO - Программа запущена
2026-06-26 15:52:50 - INFO - Выбран цвет Выберите цвет кода: #ffbfdf
2026-06-26 15:53:01 - INFO - Выбран цвет Выберите цвет фона: #710071
2026-06-26 15:53:10 - INFO - QR-код сгенерирован: текст 'fdaqxwq...' (длина 7), box_size=10, коррекция=M, цвет=#000000, фон=PY_VAR1
2026-06-26 15:53:17 - INFO - Программа завершена
2026-06-26 15:54:38 - INFO - Программа запущена
2026-06-26 15:54:47 - INFO - Выбран цвет Выберите цвет кода: #042080
2026-06-26 15:54:54 - INFO - QR-код сгенерирован: текст 'gfdsdfdw...' (длина 8), box_size=10, коррекция=M, цвет=#000000, фон=PY_VAR1
2026-06-26 15:55:17 - INFO - Программа завершена
2026-06-26 15:55:19 - INFO - Программа запущена
2026-06-26 15:55:25 - INFO - Выбран цвет Выберите цвет фона: #ff80c0
2026-06-26 15:55:34 - ERROR - Не удалось сгенерировать QR-код:
color must be int or tuple
2026-06-26 15:55:37 - INFO - Программа завершена
2026-06-26 15:55:48 - INFO - Программа запущена
2026-06-26 15:55:54 - INFO - Выбран цвет Выберите цвет кода: #730e8c
2026-06-26 15:55:57 - INFO - Выбран цвет Выберите цвет фона: #ff80c0
2026-06-26 15:56:02 - INFO - QR-код сгенерирован: текст 'daQWD...' (длина 5), box_size=10, коррекция=M, цвет=#000000, фон=PY_VAR1
2026-06-26 15:56:04 - INFO - Программа завершена
2026-06-26 16:14:46 - INFO - Программа запущена
2026-06-26 16:14:51 - INFO - Выбран цвет Выберите цвет кода: #000080
2026-06-26 16:14:55 - INFO - Выбран цвет Выберите цвет фона: #126172
2026-06-26 16:15:00 - INFO - QR-код сгенерирован: текст 'сфывсй...' (длина 6), box_size=10, коррекция=M, цвет=#000000, фон=PY_VAR1
2026-06-26 16:15:02 - INFO - Программа завершена
2026-06-26 16:24:45 - INFO - Программа запущена
2026-06-26 16:24:52 - INFO - Выбран цвет Выберите цвет кода: #256345
2026-06-26 16:24:58 - INFO - Выбран цвет Выберите цвет фона: #7bcea7
2026-06-26 16:25:01 - INFO - QR-код сгенерирован: текст 'cefeqfeqeq...' (длина 10), box_size=10, коррекция=M, цвет=#000000, фон=#FFFFFF
2026-06-26 16:26:00 - INFO - QR-код сгенерирован: текст 'cefeqfeqeq...' (длина 10), box_size=10, коррекция=M, цвет=#000000, фон=#FFFFFF
2026-06-26 16:26:06 - INFO - Выбран цвет Выберите цвет кода: #800040
2026-06-26 16:26:07 - INFO - QR-код сгенерирован: текст 'cefeqfeqeq...' (длина 10), box_size=10, коррекция=M, цвет=#000000, фон=#FFFFFF
2026-06-26 16:26:09 - INFO - Программа завершена
2026-06-26 16:27:47 - INFO - Программа запущена
2026-06-26 16:27:50 - INFO - Выбран цвет Выберите цвет кода: #400040
2026-06-26 16:27:56 - INFO - Выбран цвет Выберите цвет фона: #ff95ff
2026-06-26 16:28:00 - INFO - QR-код сгенерирован: текст 'vghcerowfhjire...' (длина 14), box_size=10, коррекция=M, цвет=#400040, фон=#ff95ff
2026-06-26 16:28:05 - INFO - Программа завершена
2026-06-26 16:30:31 - INFO - Программа запущена
2026-06-26 16:32:56 - INFO - QR-код сгенерирован: текст 'https://habr.com/ru/articles/1...' (длина 36), box_size=10, коррекция=M, цвет=#000000, фон=#FFFFFF
2026-06-26 16:33:02 - INFO - Выбран цвет Выберите цвет кода: #12227a
2026-06-26 16:33:06 - INFO - Выбран цвет Выберите цвет фона: #8080ff
2026-06-26 16:33:13 - INFO - Выбран цвет Выберите цвет фона: #aaaaff
2026-06-26 16:33:15 - INFO - QR-код сгенерирован: текст 'https://habr.com/ru/articles/1...' (длина 36), box_size=10, коррекция=M, цвет=#12227a, фон=#aaaaff
2026-06-26 16:33:24 - INFO - QR-код сгенерирован: текст 'https://habr.com/ru/articles/1...' (длина 36), box_size=4, коррекция=M, цвет=#12227a, фон=#aaaaff
2026-06-26 16:39:38 - INFO - Программа завершена
2026-06-26 16:39:56 - INFO - Программа запущена
2026-06-26 16:40:11 - INFO - Выбран цвет Выберите цвет кода: #800080
2026-06-26 16:40:20 - ERROR - Не удалось сгенерировать QR-код:
'>' not supported between instances of 'tuple' and 'int'
2026-06-26 16:40:21 - INFO - Программа завершена
2026-06-26 16:41:03 - INFO - Программа запущена
2026-06-26 16:41:08 - INFO - Выбран цвет Выберите цвет кода: None
2026-06-26 16:41:17 - ERROR - Не удалось сгенерировать QR-код:
unknown color specifier: 'none'
2026-06-26 16:41:21 - INFO - Выбран цвет Выберите цвет кода: #004000
2026-06-26 16:41:27 - ERROR - Не удалось сгенерировать QR-код:
int() argument must be a string, a bytes-like object or a real number, not 'tuple'
2026-06-26 16:41:28 - INFO - Программа завершена
2026-06-26 16:41:59 - INFO - Программа запущена
2026-06-26 16:42:08 - INFO - QR-код сгенерирован: текст 'f3f...' (длина 3), box_size=10, коррекция=M, цвет=#000000, фон=#FFFFFF
2026-06-26 16:42:13 - INFO - QR-код сгенерирован: текст 'f3f...' (длина 3), box_size=3, коррекция=M, цвет=#000000, фон=#FFFFFF
2026-06-26 16:42:19 - INFO - QR-код сгенерирован: текст 'f3f...' (длина 3), box_size=3, коррекция=H, цвет=#000000, фон=#FFFFFF
2026-06-26 16:42:25 - INFO - QR-код сгенерирован: текст 'f3f...' (длина 3), box_size=10, коррекция=H, цвет=#000000, фон=#FFFFFF
2026-06-26 16:42:41 - INFO - Выбран цвет Выберите цвет кода: #400040
2026-06-26 16:42:42 - INFO - QR-код сгенерирован: текст 'https://habr.com/ru/articles/1...' (длина 36), box_size=10, коррекция=H, цвет=#400040, фон=#FFFFFF
2026-06-26 16:42:50 - INFO - QR-код сгенерирован: текст 'https://habr.com/ru/articles/1...' (длина 144), box_size=10, коррекция=H, цвет=#400040, фон=#FFFFFF
2026-06-26 16:43:09 - INFO - Программа завершена
2026-06-26 20:51:59 - INFO - Программа запущена
2026-06-26 20:52:10 - INFO - Выбран цвет Выберите цвет кода: #400080
2026-06-26 20:52:16 - INFO - Выбран цвет Выберите цвет фона: #f2e6ff
2026-06-26 20:52:19 - INFO - QR-код сгенерирован: текст 'hvhjcm,hkj/l...' (длина 12), box_size=3, коррекция=M, цвет=#400080, фон=#f2e6ff
2026-06-26 20:53:56 - INFO - Сохранение отменено пользователем
2026-06-26 20:53:57 - INFO - QR-код сгенерирован: текст 'hvhjcm,hkj/l...' (длина 12), box_size=3, коррекция=H, цвет=#400080, фон=#f2e6ff
2026-06-26 20:54:00 - INFO - QR-код сгенерирован: текст 'hvhjcm,hkj/l...' (длина 12), box_size=10, коррекция=H, цвет=#400080, фон=#f2e6ff
2026-06-26 20:54:08 - INFO - QR-код сгенерирован: текст 'hvhjcm,hkj/ljk fg...' (длина 17), box_size=10, коррекция=H, цвет=#400080, фон=#f2e6ff
2026-06-26 20:54:17 - INFO - QR-код сгенерирован: текст 'hvhjcm,hkj/ljk fgh fhkg hk. gj...' (длина 31), box_size=10, коррекция=H, цвет=#400080, фон=#f2e6ff
2026-06-26 20:54:24 - INFO - QR-код сгенерирован: текст 'hvhjcm,hkj/ljk fgh fhkg hk. gj...' (длина 48), box_size=10, коррекция=H, цвет=#400080, фон=#f2e6ff
2026-06-26 20:54:39 - INFO - Программа завершена
2026-06-26 20:54:42 - INFO - Программа запущена
2026-06-26 20:54:53 - INFO - Выбран цвет Выберите цвет кода: #000080
2026-06-26 20:55:00 - INFO - Выбран цвет Выберите цвет фона: #e6e6ff
2026-06-26 20:55:11 - INFO - QR-код сгенерирован: текст 'gcghjkjchjjhv hh iji;ljklhjgjh...' (длина 38), box_size=10, коррекция=H, цвет=#000080, фон=#e6e6ff
2026-06-26 20:55:18 - INFO - QR-код сгенерирован: текст 'gcghjkjchjjhv hh iji;ljklhjgjh...' (длина 55), box_size=10, коррекция=H, цвет=#000080, фон=#e6e6ff
2026-06-26 20:55:26 - INFO - QR-код сгенерирован: текст 'gcghjkjchjjhv hh iji;ljklhjgjh...' (длина 79), box_size=10, коррекция=H, цвет=#000080, фон=#e6e6ff
2026-06-26 20:55:36 - INFO - QR-код сгенерирован: текст 'gcghjkjchjjhv hh iji;ljklhjgjh...' (длина 39), box_size=10, коррекция=H, цвет=#000080, фон=#e6e6ff
2026-06-26 20:55:40 - INFO - QR-код сгенерирован: текст 'gcghjkjchjjh...' (длина 12), box_size=10, коррекция=H, цвет=#000080, фон=#e6e6ff
2026-06-26 20:55:47 - INFO - QR-код сгенерирован: текст 'gcghjkjchjjh...' (длина 12), box_size=10, коррекция=L, цвет=#000080, фон=#e6e6ff
2026-06-26 20:55:53 - INFO - QR-код сгенерирован: текст 'gcgh...' (длина 4), box_size=10, коррекция=L, цвет=#000080, фон=#e6e6ff
2026-06-26 20:56:01 - INFO - QR-код сгенерирован: текст 'gcgh...' (длина 4), box_size=3, коррекция=L, цвет=#000080, фон=#e6e6ff
2026-06-26 20:56:12 - INFO - QR-код сгенерирован: текст 'g...' (длина 1), box_size=3, коррекция=L, цвет=#000080, фон=#e6e6ff
2026-06-26 20:56:18 - INFO - QR-код сгенерирован: текст 'g...' (длина 1), box_size=7, коррекция=L, цвет=#000080, фон=#e6e6ff
2026-06-26 20:56:21 - INFO - QR-код сгенерирован: текст 'g...' (длина 1), box_size=10, коррекция=L, цвет=#000080, фон=#e6e6ff
2026-06-26 21:00:20 - INFO - Программа завершена
2026-06-26 21:01:43 - INFO - Программа запущена
2026-06-26 21:01:49 - INFO - Программа завершена
2026-06-26 21:04:48 - INFO - Программа запущена
2026-06-26 21:21:57 - INFO - Программа запущена
2026-06-26 21:22:35 - INFO - QR-код сгенерирован: текст 'jl bjl klkjnjk...' (длина 14), box_size=10, коррекция=M, цвет=#000000, фон=#FFFFFF
2026-06-26 21:22:37 - INFO - Программа завершена
2026-06-26 21:24:02 - INFO - Программа запущена
2026-06-26 21:24:14 - INFO - Программа завершена
2026-06-26 21:24:23 - INFO - Программа запущена
2026-06-26 21:24:57 - INFO - Программа завершена
2026-06-26 21:24:59 - INFO - Программа запущена
2026-06-26 21:25:04 - INFO - Выбран цвет Выберите цвет кода: #000080
2026-06-26 21:25:11 - INFO - QR-код сгенерирован: текст 'ghj...' (длина 3), box_size=7, коррекция=M, цвет=#000080, фон=#FFFFFF
2026-06-26 21:25:14 - INFO - Программа завершена
2026-06-26 21:26:31 - INFO - Программа запущена
2026-06-26 21:26:40 - INFO - Выбран цвет Выберите цвет кода: #8000ff
2026-06-26 21:26:41 - INFO - QR-код сгенерирован: текст 'ghjlj;l...' (длина 7), box_size=6, коррекция=M, цвет=#8000ff, фон=#FFFFFF
2026-06-26 21:26:47 - INFO - Сохранение отменено пользователем
2026-06-26 21:27:03 - INFO - Программа завершена
